<?xml version="1.0" encoding="UTF-8"?>
<!-- Generated by org.testng.reporters.JUnitReportReporter -->
<testsuite hostname="CDA-AR-0904" failures="0" tests="1" name="Google.Busqueda" time="22.820" errors="0" timestamp="2022-07-19T19:29:48 ART" skipped="0">
  <testcase classname="Google.Busqueda" name="Busqueda1" time="22.820"/>
  <system-out/>
</testsuite> <!-- Google.Busqueda -->
