<?xml version="1.0" encoding="UTF-8"?>
<!-- Generated by org.testng.reporters.JUnitReportReporter -->
<testsuite hostname="CDA-AR-0904" failures="0" tests="1" name="Google.Busqueda" time="18.404" errors="0" timestamp="2022-07-19T18:37:15 ART" skipped="0">
  <testcase classname="Google.Busqueda" name="Busqueda1" time="18.404"/>
  <system-out/>
</testsuite> <!-- Google.Busqueda -->
