<?xml version="1.0" encoding="UTF-8"?>
<!-- Generated by org.testng.reporters.JUnitReportReporter -->
<testsuite hostname="debian" failures="0" tests="1" name="Google.Busqueda" time="31.331" errors="0" timestamp="2022-07-20T23:03:26 ART" skipped="0">
  <testcase classname="Google.Busqueda" name="Busqueda1" time="31.331"/>
  <system-out/>
</testsuite> <!-- Google.Busqueda -->
